[INFO ] 2020-06-02 02:42:51.407  --- orsys.common.Deploy[28] VERTICLE orsys.common.Tools DEPLOYED.
[DEBUG] 2020-06-02 02:42:51.412  --- orsys.common.Deploy[21] STARTING DEPLOYE OF VERTICLE: orsys.common.Files, CONFIG: {}.
[INFO ] 2020-06-02 02:42:51.427  --- orsys.common.Deploy[28] VERTICLE orsys.common.Files DEPLOYED.
[DEBUG] 2020-06-02 02:42:51.428  --- orsys.common.Deploy[21] STARTING DEPLOYE OF VERTICLE: orsys.common.Config, CONFIG: {}.
[INFO ] 2020-06-02 02:42:51.436  --- orsys.common.Deploy[28] VERTICLE orsys.common.Config DEPLOYED.
[DEBUG] 2020-06-02 02:42:51.437  --- orsys.common.Deploy[21] STARTING DEPLOYE OF VERTICLE: Server, CONFIG: {}.
[INFO ] 2020-06-02 02:42:58.752  --- Server[212] Serveur deployed in the port [8083]
[INFO ] 2020-06-02 02:42:58.786  --- orsys.common.Deploy[28] VERTICLE Server DEPLOYED.
[INFO ] 2020-06-02 02:42:58.786  --- orsys.common.Deploy[32] ALL VERTICLES ARE DEPLOYED :).
[INFO ] 2020-06-02 02:43:05.693  --- Server[89] connected to oracle success!!
[INFO ] 2020-06-02 02:44:50.171  --- orsys.common.HttpApi.CommonHttpCall[117] START CALL TO: [archives_ids]
[INFO ] 2020-06-02 02:44:50.172  --- orsys.common.database.DB[129] START CALL TO PROCEDURE OR FUNCTION: [BEGIN web_pkg_router.bootstrap(:req, :res, :error) ; END; ]
[INFO ] 2020-06-02 02:44:53.399  --- orsys.common.HttpApi.CommonHttpCall[117] START CALL TO: [docs_struArch]
[INFO ] 2020-06-02 02:44:53.400  --- orsys.common.database.DB[129] START CALL TO PROCEDURE OR FUNCTION: [BEGIN web_pkg_router.bootstrap(:req, :res, :error) ; END; ]
[INFO ] 2020-06-02 02:44:53.442  --- orsys.common.HttpApi.CommonHttpCall[117] START CALL TO: [docs_struArch]
[INFO ] 2020-06-02 02:44:53.442  --- orsys.common.database.DB[129] START CALL TO PROCEDURE OR FUNCTION: [BEGIN web_pkg_router.bootstrap(:req, :res, :error) ; END; ]
[INFO ] 2020-06-02 02:44:58.489  --- orsys.common.HttpApi.CommonHttpCall[117] START CALL TO: [archives_ids]
[INFO ] 2020-06-02 02:44:58.490  --- orsys.common.database.DB[129] START CALL TO PROCEDURE OR FUNCTION: [BEGIN web_pkg_router.bootstrap(:req, :res, :error) ; END; ]
[INFO ] 2020-06-02 02:44:58.561  --- orsys.common.HttpApi.CommonHttpCall[117] START CALL TO: [docs_struArch]
[INFO ] 2020-06-02 02:44:58.561  --- orsys.common.database.DB[129] START CALL TO PROCEDURE OR FUNCTION: [BEGIN web_pkg_router.bootstrap(:req, :res, :error) ; END; ]
[INFO ] 2020-06-02 02:44:58.567  --- orsys.common.HttpApi.CommonHttpCall[117] START CALL TO: [docs_struArch]
[INFO ] 2020-06-02 02:44:58.568  --- orsys.common.database.DB[129] START CALL TO PROCEDURE OR FUNCTION: [BEGIN web_pkg_router.bootstrap(:req, :res, :error) ; END; ]
[INFO ] 2020-06-02 02:45:16.580  --- orsys.common.HttpApi.CommonHttpCall[117] START CALL TO: [archive_create]
[INFO ] 2020-06-02 02:45:16.580  --- orsys.common.database.DB[129] START CALL TO PROCEDURE OR FUNCTION: [BEGIN web_pkg_router.bootstrap(:req, :res, :error) ; END; ]
[INFO ] 2020-06-02 02:45:17.141  --- orsys.common.HttpApi.CommonHttpCall[117] START CALL TO: [archives_ids]
[INFO ] 2020-06-02 02:45:17.142  --- orsys.common.database.DB[129] START CALL TO PROCEDURE OR FUNCTION: [BEGIN web_pkg_router.bootstrap(:req, :res, :error) ; END; ]
[INFO ] 2020-06-02 02:45:17.203  --- orsys.common.HttpApi.CommonHttpCall[117] START CALL TO: [docs_struArch]
[INFO ] 2020-06-02 02:45:17.204  --- orsys.common.database.DB[129] START CALL TO PROCEDURE OR FUNCTION: [BEGIN web_pkg_router.bootstrap(:req, :res, :error) ; END; ]
[INFO ] 2020-06-02 02:45:17.207  --- orsys.common.HttpApi.CommonHttpCall[117] START CALL TO: [docs_struArch]
[INFO ] 2020-06-02 02:45:17.207  --- orsys.common.database.DB[129] START CALL TO PROCEDURE OR FUNCTION: [BEGIN web_pkg_router.bootstrap(:req, :res, :error) ; END; ]
[INFO ] 2020-06-02 02:47:11.973  --- orsys.common.HttpApi.CommonHttpCall[117] START CALL TO: [archives_ids]
[INFO ] 2020-06-02 02:47:11.974  --- orsys.common.database.DB[129] START CALL TO PROCEDURE OR FUNCTION: [BEGIN web_pkg_router.bootstrap(:req, :res, :error) ; END; ]
[INFO ] 2020-06-02 02:47:12.127  --- orsys.common.HttpApi.CommonHttpCall[117] START CALL TO: [docs_struArch]
[INFO ] 2020-06-02 02:47:12.128  --- orsys.common.database.DB[129] START CALL TO PROCEDURE OR FUNCTION: [BEGIN web_pkg_router.bootstrap(:req, :res, :error) ; END; ]
[INFO ] 2020-06-02 02:47:12.133  --- orsys.common.HttpApi.CommonHttpCall[117] START CALL TO: [docs_struArch]
[INFO ] 2020-06-02 02:47:12.133  --- orsys.common.database.DB[129] START CALL TO PROCEDURE OR FUNCTION: [BEGIN web_pkg_router.bootstrap(:req, :res, :error) ; END; ]
[INFO ] 2020-06-02 02:47:26.734  --- orsys.common.HttpApi.CommonHttpCall[117] START CALL TO: [archives_ids]
[INFO ] 2020-06-02 02:47:26.734  --- orsys.common.database.DB[129] START CALL TO PROCEDURE OR FUNCTION: [BEGIN web_pkg_router.bootstrap(:req, :res, :error) ; END; ]
[INFO ] 2020-06-02 02:47:26.862  --- orsys.common.HttpApi.CommonHttpCall[117] START CALL TO: [docs_struArch]
[INFO ] 2020-06-02 02:47:26.863  --- orsys.common.database.DB[129] START CALL TO PROCEDURE OR FUNCTION: [BEGIN web_pkg_router.bootstrap(:req, :res, :error) ; END; ]
[INFO ] 2020-06-02 02:47:26.871  --- orsys.common.HttpApi.CommonHttpCall[117] START CALL TO: [docs_struArch]
[INFO ] 2020-06-02 02:47:26.871  --- orsys.common.database.DB[129] START CALL TO PROCEDURE OR FUNCTION: [BEGIN web_pkg_router.bootstrap(:req, :res, :error) ; END; ]
[INFO ] 2020-06-02 02:47:37.761  --- orsys.common.HttpApi.CommonHttpCall[117] START CALL TO: [archive_create]
[INFO ] 2020-06-02 02:47:37.762  --- orsys.common.database.DB[129] START CALL TO PROCEDURE OR FUNCTION: [BEGIN web_pkg_router.bootstrap(:req, :res, :error) ; END; ]
[INFO ] 2020-06-02 02:47:37.834  --- orsys.common.HttpApi.CommonHttpCall[117] START CALL TO: [archives_ids]
[INFO ] 2020-06-02 02:47:37.835  --- orsys.common.database.DB[129] START CALL TO PROCEDURE OR FUNCTION: [BEGIN web_pkg_router.bootstrap(:req, :res, :error) ; END; ]
[INFO ] 2020-06-02 02:47:37.874  --- orsys.common.HttpApi.CommonHttpCall[117] START CALL TO: [docs_struArch]
[INFO ] 2020-06-02 02:47:37.874  --- orsys.common.database.DB[129] START CALL TO PROCEDURE OR FUNCTION: [BEGIN web_pkg_router.bootstrap(:req, :res, :error) ; END; ]
[INFO ] 2020-06-02 02:47:37.902  --- orsys.common.HttpApi.CommonHttpCall[117] START CALL TO: [docs_struArch]
[INFO ] 2020-06-02 02:47:37.903  --- orsys.common.database.DB[129] START CALL TO PROCEDURE OR FUNCTION: [BEGIN web_pkg_router.bootstrap(:req, :res, :error) ; END; ]
[INFO ] 2020-06-02 02:48:52.271  --- orsys.common.HttpApi.CommonHttpCall[117] START CALL TO: [archives_ids]
[INFO ] 2020-06-02 02:48:52.272  --- orsys.common.database.DB[129] START CALL TO PROCEDURE OR FUNCTION: [BEGIN web_pkg_router.bootstrap(:req, :res, :error) ; END; ]
[INFO ] 2020-06-02 02:48:52.451  --- orsys.common.HttpApi.CommonHttpCall[117] START CALL TO: [docs_struArch]
[INFO ] 2020-06-02 02:48:52.451  --- orsys.common.database.DB[129] START CALL TO PROCEDURE OR FUNCTION: [BEGIN web_pkg_router.bootstrap(:req, :res, :error) ; END; ]
[INFO ] 2020-06-02 02:48:52.454  --- orsys.common.HttpApi.CommonHttpCall[117] START CALL TO: [docs_struArch]
[INFO ] 2020-06-02 02:48:52.454  --- orsys.common.database.DB[129] START CALL TO PROCEDURE OR FUNCTION: [BEGIN web_pkg_router.bootstrap(:req, :res, :error) ; END; ]
[INFO ] 2020-06-02 02:49:01.883  --- orsys.common.HttpApi.CommonHttpCall[117] START CALL TO: [archive_create]
[INFO ] 2020-06-02 02:49:01.883  --- orsys.common.database.DB[129] START CALL TO PROCEDURE OR FUNCTION: [BEGIN web_pkg_router.bootstrap(:req, :res, :error) ; END; ]
[INFO ] 2020-06-02 02:49:01.979  --- orsys.common.HttpApi.CommonHttpCall[117] START CALL TO: [archives_ids]
[INFO ] 2020-06-02 02:49:01.979  --- orsys.common.database.DB[129] START CALL TO PROCEDURE OR FUNCTION: [BEGIN web_pkg_router.bootstrap(:req, :res, :error) ; END; ]
[INFO ] 2020-06-02 02:49:02.034  --- orsys.common.HttpApi.CommonHttpCall[117] START CALL TO: [docs_struArch]
[INFO ] 2020-06-02 02:49:02.035  --- orsys.common.database.DB[129] START CALL TO PROCEDURE OR FUNCTION: [BEGIN web_pkg_router.bootstrap(:req, :res, :error) ; END; ]
[INFO ] 2020-06-02 02:49:02.040  --- orsys.common.HttpApi.CommonHttpCall[117] START CALL TO: [docs_struArch]
[INFO ] 2020-06-02 02:49:02.041  --- orsys.common.database.DB[129] START CALL TO PROCEDURE OR FUNCTION: [BEGIN web_pkg_router.bootstrap(:req, :res, :error) ; END; ]
[INFO ] 2020-06-02 02:49:02.048  --- orsys.common.HttpApi.CommonHttpCall[117] START CALL TO: [docs_struArch]
[INFO ] 2020-06-02 02:49:02.048  --- orsys.common.database.DB[129] START CALL TO PROCEDURE OR FUNCTION: [BEGIN web_pkg_router.bootstrap(:req, :res, :error) ; END; ]
[INFO ] 2020-06-02 02:49:17.244  --- orsys.common.HttpApi.CommonHttpCall[117] START CALL TO: [docs_nonClasse]
[INFO ] 2020-06-02 02:49:17.244  --- orsys.common.database.DB[129] START CALL TO PROCEDURE OR FUNCTION: [BEGIN web_pkg_router.bootstrap(:req, :res, :error) ; END; ]
[INFO ] 2020-06-02 02:49:24.702  --- orsys.common.HttpApi.CommonHttpCall[117] START CALL TO: [docs_nonType]
[INFO ] 2020-06-02 02:49:24.703  --- orsys.common.database.DB[129] START CALL TO PROCEDURE OR FUNCTION: [BEGIN web_pkg_router.bootstrap(:req, :res, :error) ; END; ]
[INFO ] 2020-06-02 02:49:33.290  --- orsys.common.HttpApi.CommonHttpCall[117] START CALL TO: [doc_types]
[INFO ] 2020-06-02 02:49:33.290  --- orsys.common.database.DB[129] START CALL TO PROCEDURE OR FUNCTION: [BEGIN web_pkg_router.bootstrap(:req, :res, :error) ; END; ]
[INFO ] 2020-06-02 02:49:40.579  --- orsys.common.HttpApi.CommonHttpCall[117] START CALL TO: [doc_typage]
[INFO ] 2020-06-02 02:49:40.580  --- orsys.common.database.DB[129] START CALL TO PROCEDURE OR FUNCTION: [BEGIN web_pkg_router.bootstrap(:req, :res, :error) ; END; ]
[INFO ] 2020-06-02 02:49:40.864  --- orsys.common.HttpApi.CommonHttpCall[117] START CALL TO: [docs_nonType]
[INFO ] 2020-06-02 02:49:40.864  --- orsys.common.database.DB[129] START CALL TO PROCEDURE OR FUNCTION: [BEGIN web_pkg_router.bootstrap(:req, :res, :error) ; END; ]
[INFO ] 2020-06-02 02:49:51.345  --- orsys.common.HttpApi.CommonHttpCall[117] START CALL TO: [docs_nonClasse]
[INFO ] 2020-06-02 02:49:51.345  --- orsys.common.database.DB[129] START CALL TO PROCEDURE OR FUNCTION: [BEGIN web_pkg_router.bootstrap(:req, :res, :error) ; END; ]
[INFO ] 2020-06-02 02:50:00.962  --- orsys.common.HttpApi.CommonHttpCall[117] START CALL TO: [doc_types]
[INFO ] 2020-06-02 02:50:00.963  --- orsys.common.database.DB[129] START CALL TO PROCEDURE OR FUNCTION: [BEGIN web_pkg_router.bootstrap(:req, :res, :error) ; END; ]
[INFO ] 2020-06-02 02:50:05.109  --- orsys.common.HttpApi.CommonHttpCall[117] START CALL TO: [doc_retyper]
[INFO ] 2020-06-02 02:50:05.110  --- orsys.common.database.DB[129] START CALL TO PROCEDURE OR FUNCTION: [BEGIN web_pkg_router.bootstrap(:req, :res, :error) ; END; ]
[INFO ] 2020-06-02 02:50:20.441  --- orsys.common.HttpApi.CommonHttpCall[117] START CALL TO: [doc_classer]
[INFO ] 2020-06-02 02:50:20.442  --- orsys.common.database.DB[129] START CALL TO PROCEDURE OR FUNCTION: [BEGIN web_pkg_router.bootstrap(:req, :res, :error) ; END; ]
[INFO ] 2020-06-02 02:50:20.762  --- orsys.common.HttpApi.CommonHttpCall[117] START CALL TO: [archives_ids]
[INFO ] 2020-06-02 02:50:20.763  --- orsys.common.database.DB[129] START CALL TO PROCEDURE OR FUNCTION: [BEGIN web_pkg_router.bootstrap(:req, :res, :error) ; END; ]
[INFO ] 2020-06-02 02:50:20.772  --- orsys.common.HttpApi.CommonHttpCall[117] START CALL TO: [docs_nonClasse]
[INFO ] 2020-06-02 02:50:20.772  --- orsys.common.database.DB[129] START CALL TO PROCEDURE OR FUNCTION: [BEGIN web_pkg_router.bootstrap(:req, :res, :error) ; END; ]
[INFO ] 2020-06-02 02:50:20.832  --- orsys.common.HttpApi.CommonHttpCall[117] START CALL TO: [docs_struArch]
[INFO ] 2020-06-02 02:50:20.833  --- orsys.common.database.DB[129] START CALL TO PROCEDURE OR FUNCTION: [BEGIN web_pkg_router.bootstrap(:req, :res, :error) ; END; ]
[INFO ] 2020-06-02 02:50:20.835  --- orsys.common.HttpApi.CommonHttpCall[117] START CALL TO: [docs_struArch]
[INFO ] 2020-06-02 02:50:20.835  --- orsys.common.database.DB[129] START CALL TO PROCEDURE OR FUNCTION: [BEGIN web_pkg_router.bootstrap(:req, :res, :error) ; END; ]
[INFO ] 2020-06-02 02:50:20.854  --- orsys.common.HttpApi.CommonHttpCall[117] START CALL TO: [docs_struArch]
[INFO ] 2020-06-02 02:50:20.855  --- orsys.common.database.DB[129] START CALL TO PROCEDURE OR FUNCTION: [BEGIN web_pkg_router.bootstrap(:req, :res, :error) ; END; ]
[INFO ] 2020-06-02 02:50:40.566  --- orsys.common.HttpApi.CommonHttpCall[117] START CALL TO: [doc_ids]
[INFO ] 2020-06-02 02:50:40.567  --- orsys.common.database.DB[129] START CALL TO PROCEDURE OR FUNCTION: [BEGIN web_pkg_router.bootstrap(:req, :res, :error) ; END; ]
[INFO ] 2020-06-02 02:50:45.283  --- orsys.common.HttpApi.CommonHttpCall[244] Dans getBlobDocById...
[INFO ] 2020-06-02 02:50:50.021  --- orsys.common.HttpApi.CommonHttpCall[244] Dans getBlobDocById...
[INFO ] 2020-06-02 02:50:54.071  --- orsys.common.HttpApi.CommonHttpCall[244] Dans getBlobDocById...
[INFO ] 2020-06-02 02:50:58.414  --- orsys.common.HttpApi.CommonHttpCall[244] Dans getBlobDocById...
